app/build/outputs/logs/manifest-merger-android360-debug-report.txt
-- Merging decision tree log ---
provider#android.support.v4.content.FileProvider
INJECTED from src/main/AndroidManifest.xml:105:9-113:20
	android:grantUriPermissions
		ADDED from src/main/AndroidManifest.xml:109:13-47
	android:authorities
		INJECTED from src/main/AndroidManifest.xml
		ADDED from src/main/AndroidManifest.xml:107:13-60
	android:exported
		ADDED from src/main/AndroidManifest.xml:108:13-37
	android:name
		ADDED from src/main/AndroidManifest.xml:106:13-67
provider#com.application.tchapj.utils2.imagepicker.ImagePickerProvider
INJECTED from src/main/AndroidManifest.xml:636:9-644:20
	android:grantUriPermissions
		ADDED from src/main/AndroidManifest.xml:640:13-47
	android:authorities
		INJECTED from src/main/AndroidManifest.xml
		ADDED from src/main/AndroidManifest.xml:638:13-60
	android:exported
		ADDED from src/main/AndroidManifest.xml:639:13-37
	android:name
		ADDED from src/main/AndroidManifest.xml:637:13-67
manifest
ADDED from src/main/AndroidManifest.xml:2:1-872:12
INJECTED from src/main/AndroidManifest.xml:2:1-872:12
INJECTED from src/main/AndroidManifest.xml:2:1-872:12
INJECTED from src/main/AndroidManifest.xml:2:1-872:12
MERGED from [com.android.support:multidex:1.0.2] AndroidManifest.xml:17:1-22:12
MERGED from [com.king.base:base:2.0] AndroidManifest.xml:2:1-19:12
MERGED from [com.bigkoo:convenientbanner:2.0.5] AndroidManifest.xml:2:1-9:12
MERGED from [com.ashokvarma.android:bottom-navigation-bar:1.4.1] AndroidManifest.xml:2:1-15:12
MERGED from [com.hannesdorfmann.mosby:viewstate:2.0.1] AndroidManifest.xml:2:1-13:12
MERGED from [com.hannesdorfmann.mosby:mvp:2.0.1] AndroidManifest.xml:2:1-13:12
MERGED from [com.github.pinguo-zhouwei:CustomPopwindow:2.1.1] AndroidManifest.xml:2:1-17:12
MERGED from [me.weyye.ColorTrackTabLayout:library:1.0.1] AndroidManifest.xml:2:1-17:12
MERGED from [com.github.chaychan:SlideCloseLib:1.0.0] AndroidManifest.xml:2:1-17:12
MERGED from [com.github.nukc.stateview:library:1.2.1] AndroidManifest.xml:2:1-13:12
MERGED from [com.lzy.widget:view-core:0.2.1] AndroidManifest.xml:2:1-12:12
MERGED from [fm.jiecao:jiecaovideoplayer:4.8.3] AndroidManifest.xml:2:1-19:12
MERGED from [com.github.florent37:viewanimator:1.0.5] AndroidManifest.xml:2:1-12:12
MERGED from [com.android.support:design:27.1.1] AndroidManifest.xml:17:1-22:12
MERGED from [com.android.support:appcompat-v7:27.1.1] AndroidManifest.xml:17:1-22:12
MERGED from [com.android.support.constraint:constraint-layout:1.0.2] AndroidManifest.xml:2:1-11:12
MERGED from [io.reactivex:rxandroid:1.2.1] AndroidManifest.xml:15:1-21:12
MERGED from [jp.wasabeef:glide-transformations:2.0.1] AndroidManifest.xml:2:1-12:12
MERGED from [de.hdodenhof:circleimageview:2.1.0] AndroidManifest.xml:2:1-11:12
MERGED from [com.github.aakira:expandable-layout:1.4.3] AndroidManifest.xml:2:1-14:12
MERGED from [com.github.Aspsine:SwipeToLoadLayout:1.0.4] AndroidManifest.xml:2:1-14:12
MERGED from [com.jude:easyrecyclerview:4.3.7] AndroidManifest.xml:2:1-11:12
MERGED from [com.tencent.bugly:crashreport_upgrade:1.4.1] AndroidManifest.xml:2:1-47:12
MERGED from [com.tencent.bugly:nativecrashreport:3.7.1] AndroidManifest.xml:2:1-9:12
MERGED from [com.jakewharton:butterknife:8.5.1] AndroidManifest.xml:2:1-7:12
MERGED from [com.king.thread:nevercrash:1.0.0] AndroidManifest.xml:2:1-17:12
MERGED from [cn.bingoogolapple:bga-swipebacklayout:1.0.8] AndroidManifest.xml:2:1-10:12
MERGED from [com.zhy:base-rvadapter:3.0.3] AndroidManifest.xml:2:1-12:12
MERGED from [com.alibaba.android:vlayout:1.2.2] AndroidManifest.xml:25:1-35:12
MERGED from [com.android.support:recyclerview-v7:27.1.1] AndroidManifest.xml:17:1-22:12
MERGED from [com.github.pwittchen:reactivenetwork-rx2:0.11.0] AndroidManifest.xml:2:1-16:12
MERGED from [com.just.agentweb:agentweb:3.1.0] AndroidManifest.xml:2:1-37:12
MERGED from [com.youth.banner:banner:1.4.10] AndroidManifest.xml:2:1-11:12
MERGED from [com.android.support:cardview-v7:28.0.0-alpha1] AndroidManifest.xml:17:1-23:12
MERGED from [com.scwang.smartrefresh:SmartRefreshLayout:1.1.0-alpha-1] AndroidManifest.xml:2:1-17:12
MERGED from [com.hyman:flowlayout-lib:1.1.2] AndroidManifest.xml:2:1-12:12
MERGED from [com.zhy:okhttputils:2.6.2] AndroidManifest.xml:2:1-11:12
MERGED from [me.drakeet.materialdialog:library:1.3.1] AndroidManifest.xml:2:1-12:12
MERGED from [net.wujingchao.android.view:simple-tag-imageview:1.0.1] AndroidManifest.xml:2:1-12:12
MERGED from [com.github.zhaokaiqiang.klog:library:1.4.0] AndroidManifest.xml:2:1-13:12
MERGED from [com.google.android.gms:play-services-appindexing:8.4.0] AndroidManifest.xml:16:1-20:12
MERGED from [com.github.chaychan:MultipleItemRvAdapter:1.0.4] AndroidManifest.xml:2:1-11:12
MERGED from [org.litepal.android:core:1.5.0] AndroidManifest.xml:2:1-16:12
MERGED from [cn.bingoogolapple:bga-badgeview:1.1.3] AndroidManifest.xml:2:1-10:12
MERGED from [tv.danmaku.ijk.media:ijkplayer-java:0.8.3] AndroidManifest.xml:2:1-9:12
MERGED from [tv.danmaku.ijk.media:ijkplayer-armv7a:0.8.3] AndroidManifest.xml:2:1-9:12
MERGED from [tv.danmaku.ijk.media:ijkplayer-armv5:0.8.3] AndroidManifest.xml:2:1-9:12
MERGED from [tv.danmaku.ijk.media:ijkplayer-x86:0.8.3] AndroidManifest.xml:2:1-9:12
MERGED from [com.github.ctiao:dfm:0.4.1] AndroidManifest.xml:17:1-26:12
MERGED from [org.xutils:xutils:3.3.36] AndroidManifest.xml:2:1-14:12
MERGED from [com.github.chrisbanes.photoview:library:1.2.4] AndroidManifest.xml:2:1-11:12
MERGED from [com.orhanobut:logger:2.1.1] AndroidManifest.xml:2:1-8:12
MERGED from [com.tencent.sonic:sdk:2.0.0] AndroidManifest.xml:2:1-12:12
MERGED from [cn.jiguang.sdk:jpush:3.1.6] AndroidManifest.xml:2:1-134:12
MERGED from [cn.jiguang.sdk:jcore:1.2.5] AndroidManifest.xml:2:1-14:12
MERGED from [com.android.support:transition:27.1.1] AndroidManifest.xml:17:1-22:12
MERGED from [com.google.android.gms:play-services-base:8.4.0] AndroidManifest.xml:16:1-19:12
MERGED from [com.google.android.gms:play-services-basement:8.4.0] AndroidManifest.xml:16:1-26:12
MERGED from [com.android.support:support-v4:27.1.1] AndroidManifest.xml:17:1-22:12
MERGED from [com.android.support:support-fragment:27.1.1] AndroidManifest.xml:17:1-22:12
MERGED from [com.android.support:animated-vector-drawable:27.1.1] AndroidManifest.xml:17:1-22:12
MERGED from [com.android.support:support-core-ui:27.1.1] AndroidManifest.xml:17:1-22:12
MERGED from [com.android.support:support-core-utils:27.1.1] AndroidManifest.xml:17:1-22:12
MERGED from [com.android.support:support-media-compat:27.1.1] AndroidManifest.xml:17:1-22:12
MERGED from [com.android.support:support-vector-drawable:27.1.1] AndroidManifest.xml:17:1-22:12
MERGED from [com.android.support:support-compat:27.1.1] AndroidManifest.xml:17:1-22:12
MERGED from [io.reactivex.rxjava2:rxandroid:2.0.1] AndroidManifest.xml:15:1-21:12
MERGED from [tv.danmaku.ijk.media:ijkplayer-arm64:0.7.4] AndroidManifest.xml:2:1-9:12
MERGED from [tv.danmaku.ijk.media:ijkplayer-x86_64:0.7.4] AndroidManifest.xml:2:1-9:12
MERGED from [android.arch.lifecycle:livedata-core:1.1.0] AndroidManifest.xml:17:1-22:12
MERGED from [android.arch.lifecycle:viewmodel:1.1.0] AndroidManifest.xml:17:1-22:12
MERGED from [android.arch.lifecycle:runtime:1.1.0] AndroidManifest.xml:17:1-22:12
MERGED from [android.arch.core:runtime:1.1.0] AndroidManifest.xml:17:1-22:12
INJECTED from src/main/AndroidManifest.xml:2:1-872:12
INJECTED from src/main/AndroidManifest.xml:2:1-872:12
INJECTED from src/main/AndroidManifest.xml:2:1-872:12
	package
		ADDED from src/main/AndroidManifest.xml:4:5-37
		INJECTED from src/main/AndroidManifest.xml
		INJECTED from src/main/AndroidManifest.xml
	android:versionName
		INJECTED from src/main/AndroidManifest.xml
		ADDED from src/main/AndroidManifest.xml:2:1-872:12
		INJECTED from src/main/AndroidManifest.xml
	xmlns:tools
		ADDED from src/main/AndroidManifest.xml:3:5-51
	android:versionCode
		INJECTED from src/main/AndroidManifest.xml
		ADDED from src/main/AndroidManifest.xml:2:1-872:12
		INJECTED from src/main/AndroidManifest.xml
	xmlns:android
		ADDED from src/main/AndroidManifest.xml:2:11-69
uses-permission#android.permission.READ_EXTERNAL_STORAGE
ADDED from src/main/AndroidManifest.xml:6:5-80
MERGED from [cn.jiguang.sdk:jpush:3.1.6] AndroidManifest.xml:22:5-80
MERGED from [cn.jiguang.sdk:jpush:3.1.6] AndroidManifest.xml:22:5-80
	android:name
		ADDED from src/main/AndroidManifest.xml:6:22-77
uses-permission#android.permission.CAMERA
ADDED from src/main/AndroidManifest.xml:7:5-65
	android:name
		ADDED from src/main/AndroidManifest.xml:7:22-62
uses-permission#android.permission.MODIFY_AUDIO_SETTINGS
ADDED from src/main/AndroidManifest.xml:10:5-79
	android:name
		ADDED from src/main/AndroidManifest.xml:10:22-77
uses-permission#android.permission.WRITE_MEDIA_STORAGE
ADDED from src/main/AndroidManifest.xml:12:5-78
	android:name
		ADDED from src/main/AndroidManifest.xml:12:22-75
uses-permission#android.permission.GET_PACKAGE_SIZE
ADDED from src/main/AndroidManifest.xml:14:5-75
	android:name
		ADDED from src/main/AndroidManifest.xml:14:22-72
uses-permission#android.permission.CLEAR_APP_CACHE
ADDED from src/main/AndroidManifest.xml:15:5-74
	android:name
		ADDED from src/main/AndroidManifest.xml:15:22-71
uses-permission#android.permission.MOUNT_UNMOUNT_FILESYSTEMS
ADDED from src/main/AndroidManifest.xml:16:5-84
MERGED from [cn.jiguang.sdk:jpush:3.1.6] AndroidManifest.xml:25:5-84
MERGED from [cn.jiguang.sdk:jpush:3.1.6] AndroidManifest.xml:25:5-84
	android:name
		ADDED from src/main/AndroidManifest.xml:16:22-81
uses-permission#android.permission.CHANGE_NETWORK_STATE
ADDED from src/main/AndroidManifest.xml:18:5-79
MERGED from [cn.jiguang.sdk:jpush:3.1.6] AndroidManifest.xml:35:5-79
MERGED from [cn.jiguang.sdk:jpush:3.1.6] AndroidManifest.xml:35:5-79
	android:name
		ADDED from src/main/AndroidManifest.xml:18:22-76
uses-permission#android.permission.CHANGE_WIFI_STATE
ADDED from src/main/AndroidManifest.xml:19:5-76
MERGED from [cn.jiguang.sdk:jpush:3.1.6] AndroidManifest.xml:32:5-76
MERGED from [cn.jiguang.sdk:jpush:3.1.6] AndroidManifest.xml:32:5-76
	android:name
		ADDED from src/main/AndroidManifest.xml:19:22-73
uses-permission#android.permission.INTERNET
ADDED from src/main/AndroidManifest.xml:20:5-67
MERGED from [com.tencent.bugly:crashreport_upgrade:1.4.1] AndroidManifest.xml:12:5-67
MERGED from [com.tencent.bugly:crashreport_upgrade:1.4.1] AndroidManifest.xml:12:5-67
MERGED from [com.github.pwittchen:reactivenetwork-rx2:0.11.0] AndroidManifest.xml:12:5-67
MERGED from [com.github.pwittchen:reactivenetwork-rx2:0.11.0] AndroidManifest.xml:12:5-67
MERGED from [cn.jiguang.sdk:jpush:3.1.6] AndroidManifest.xml:18:5-67
MERGED from [cn.jiguang.sdk:jpush:3.1.6] AndroidManifest.xml:18:5-67
	android:name
		ADDED from src/main/AndroidManifest.xml:20:22-64
uses-permission#android.permission.WAKE_LOCK
ADDED from src/main/AndroidManifest.xml:21:5-68
MERGED from [cn.jiguang.sdk:jpush:3.1.6] AndroidManifest.xml:19:5-68
MERGED from [cn.jiguang.sdk:jpush:3.1.6] AndroidManifest.xml:19:5-68
	android:name
		ADDED from src/main/AndroidManifest.xml:21:22-65
uses-permission#android.permission.ACCESS_NETWORK_STATE
ADDED from src/main/AndroidManifest.xml:22:5-79
MERGED from [fm.jiecao:jiecaovideoplayer:4.8.3] AndroidManifest.xml:13:5-79
MERGED from [fm.jiecao:jiecaovideoplayer:4.8.3] AndroidManifest.xml:13:5-79
MERGED from [com.tencent.bugly:crashreport_upgrade:1.4.1] AndroidManifest.xml:13:5-79
MERGED from [com.tencent.bugly:crashreport_upgrade:1.4.1] AndroidManifest.xml:13:5-79
MERGED from [com.github.pwittchen:reactivenetwork-rx2:0.11.0] AndroidManifest.xml:11:5-79
MERGED from [com.github.pwittchen:reactivenetwork-rx2:0.11.0] AndroidManifest.xml:11:5-79
MERGED from [cn.jiguang.sdk:jpush:3.1.6] AndroidManifest.xml:26:5-79
MERGED from [cn.jiguang.sdk:jpush:3.1.6] AndroidManifest.xml:26:5-79
	android:name
		ADDED from src/main/AndroidManifest.xml:22:22-76
uses-permission#android.permission.ACCESS_WIFI_STATE
ADDED from src/main/AndroidManifest.xml:23:5-76
MERGED from [com.tencent.bugly:crashreport_upgrade:1.4.1] AndroidManifest.xml:14:5-76
MERGED from [com.tencent.bugly:crashreport_upgrade:1.4.1] AndroidManifest.xml:14:5-76
MERGED from [cn.jiguang.sdk:jpush:3.1.6] AndroidManifest.xml:27:5-76
MERGED from [cn.jiguang.sdk:jpush:3.1.6] AndroidManifest.xml:27:5-76
	android:name
		ADDED from src/main/AndroidManifest.xml:23:22-73
uses-permission#android.permission.ACCESS_COARSE_LOCATION
ADDED from src/main/AndroidManifest.xml:24:5-81
MERGED from [cn.jiguang.sdk:jpush:3.1.6] AndroidManifest.xml:31:5-81
MERGED from [cn.jiguang.sdk:jpush:3.1.6] AndroidManifest.xml:31:5-81
	android:name
		ADDED from src/main/AndroidManifest.xml:24:22-78
uses-permission#android.permission.BLUETOOTH
ADDED from src/main/AndroidManifest.xml:25:5-68
	android:name
		ADDED from src/main/AndroidManifest.xml:25:22-65
uses-permission#android.permission.READ_LOGS
ADDED from src/main/AndroidManifest.xml:26:5-68
MERGED from [com.tencent.bugly:crashreport_upgrade:1.4.1] AndroidManifest.xml:15:5-68
MERGED from [com.tencent.bugly:crashreport_upgrade:1.4.1] AndroidManifest.xml:15:5-68
	android:name
		ADDED from src/main/AndroidManifest.xml:26:22-65
uses-permission#android.permission.SET_WALLPAPER
ADDED from src/main/AndroidManifest.xml:28:5-72
	android:name
		ADDED from src/main/AndroidManifest.xml:28:22-69
uses-permission#com.android.launcher.permission.INSTALL_SHORTCUT
ADDED from src/main/AndroidManifest.xml:30:5-88
	android:name
		ADDED from src/main/AndroidManifest.xml:30:22-85
uses-permission#com.android.launcher.permission.READ_SETTINGS
ADDED from src/main/AndroidManifest.xml:31:5-85
	android:name
		ADDED from src/main/AndroidManifest.xml:31:22-82
uses-permission#android.permission.GET_ACCOUNTS
ADDED from src/main/AndroidManifest.xml:34:5-71
	android:name
		ADDED from src/main/AndroidManifest.xml:34:22-68
uses-permission#android.permission.CALL_PHONE
ADDED from src/main/AndroidManifest.xml:36:5-69
MERGED from [com.king.base:base:2.0] AndroidManifest.xml:11:5-69
MERGED from [com.king.base:base:2.0] AndroidManifest.xml:11:5-69
	android:name
		ADDED from src/main/AndroidManifest.xml:36:22-66
uses-permission#android.permission.PROCESS_OUTGOING_CALLS
ADDED from src/main/AndroidManifest.xml:37:5-81
	android:name
		ADDED from src/main/AndroidManifest.xml:37:22-78
uses-permission#com.android.voicemail.permission.ADD_VOICEMAIL
ADDED from src/main/AndroidManifest.xml:38:5-86
	android:name
		ADDED from src/main/AndroidManifest.xml:38:22-83
uses-permission#android.permission.ACCESS_FINE_LOCATION
ADDED from src/main/AndroidManifest.xml:40:5-79
MERGED from [cn.jiguang.sdk:jpush:3.1.6] AndroidManifest.xml:33:5-79
MERGED from [cn.jiguang.sdk:jpush:3.1.6] AndroidManifest.xml:33:5-79
	android:name
		ADDED from src/main/AndroidManifest.xml:40:22-76
uses-permission#android.permission.RECORD_AUDIO
ADDED from src/main/AndroidManifest.xml:42:5-71
	android:name
		ADDED from src/main/AndroidManifest.xml:42:22-68
uses-permission#android.permission.RECEIVE_WAP_PUSH
ADDED from src/main/AndroidManifest.xml:44:5-75
	android:name
		ADDED from src/main/AndroidManifest.xml:44:22-72
uses-permission#android.permission.SEND_SMS
ADDED from src/main/AndroidManifest.xml:45:5-67
	android:name
		ADDED from src/main/AndroidManifest.xml:45:22-64
uses-permission#android.permission.READ_CELL_BROADCASTS
ADDED from src/main/AndroidManifest.xml:46:5-79
	android:name
		ADDED from src/main/AndroidManifest.xml:46:22-76
uses-permission#android.permission.GET_TASKS
ADDED from src/main/AndroidManifest.xml:49:5-68
	android:name
		ADDED from src/main/AndroidManifest.xml:49:22-65
uses-permission#android.permission.WRITE_EXTERNAL_STORAGE
ADDED from src/main/AndroidManifest.xml:54:5-81
MERGED from [com.tencent.bugly:crashreport_upgrade:1.4.1] AndroidManifest.xml:16:5-81
MERGED from [com.tencent.bugly:crashreport_upgrade:1.4.1] AndroidManifest.xml:16:5-81
MERGED from [com.github.zhaokaiqiang.klog:library:1.4.0] AndroidManifest.xml:11:5-81
MERGED from [com.github.zhaokaiqiang.klog:library:1.4.0] AndroidManifest.xml:11:5-81
MERGED from [cn.jiguang.sdk:jpush:3.1.6] AndroidManifest.xml:21:5-81
MERGED from [cn.jiguang.sdk:jpush:3.1.6] AndroidManifest.xml:21:5-81
	android:name
		ADDED from src/main/AndroidManifest.xml:54:22-78
uses-permission#android.permission.READ_PHONE_STATE
ADDED from src/main/AndroidManifest.xml:55:5-75
MERGED from [com.tencent.bugly:crashreport_upgrade:1.4.1] AndroidManifest.xml:11:5-75
MERGED from [com.tencent.bugly:crashreport_upgrade:1.4.1] AndroidManifest.xml:11:5-75
MERGED from [cn.jiguang.sdk:jpush:3.1.6] AndroidManifest.xml:20:5-75
MERGED from [cn.jiguang.sdk:jpush:3.1.6] AndroidManifest.xml:20:5-75
	android:name
		ADDED from src/main/AndroidManifest.xml:55:22-72
uses-permission#android.permission.MANAGE_ACCOUNTS
ADDED from src/main/AndroidManifest.xml:56:5-74
	android:name
		ADDED from src/main/AndroidManifest.xml:56:22-71
uses-permission#android.permission.BLUETOOTH_ADMIN
ADDED from src/main/AndroidManifest.xml:60:5-74
	android:name
		ADDED from src/main/AndroidManifest.xml:60:22-71
uses-permission#android.permission.VIBRATE
ADDED from src/main/AndroidManifest.xml:63:5-66
MERGED from [cn.jiguang.sdk:jpush:3.1.6] AndroidManifest.xml:24:5-66
MERGED from [cn.jiguang.sdk:jpush:3.1.6] AndroidManifest.xml:24:5-66
	android:name
		ADDED from src/main/AndroidManifest.xml:63:22-63
uses-permission#android.permission.ACCESS_GPS
ADDED from src/main/AndroidManifest.xml:65:5-69
	android:name
		ADDED from src/main/AndroidManifest.xml:65:22-66
uses-permission#android.permission.ACCESS_LOCATION_EXTRA_COMMANDS
ADDED from src/main/AndroidManifest.xml:67:5-89
MERGED from [cn.jiguang.sdk:jpush:3.1.6] AndroidManifest.xml:34:5-89
MERGED from [cn.jiguang.sdk:jpush:3.1.6] AndroidManifest.xml:34:5-89
	android:name
		ADDED from src/main/AndroidManifest.xml:67:22-86
uses-permission#android.permission.REQUEST_INSTALL_PACKAGES
ADDED from src/main/AndroidManifest.xml:69:5-99
MERGED from [com.tencent.bugly:crashreport_upgrade:1.4.1] AndroidManifest.xml:17:5-83
MERGED from [com.tencent.bugly:crashreport_upgrade:1.4.1] AndroidManifest.xml:17:5-83
	android:name
		ADDED from src/main/AndroidManifest.xml:69:22-80
uses-permission#android.permission.WRITE_SETTINGS
ADDED from src/main/AndroidManifest.xml:72:5-73
MERGED from [cn.jiguang.sdk:jpush:3.1.6] AndroidManifest.xml:23:5-73
MERGED from [cn.jiguang.sdk:jpush:3.1.6] AndroidManifest.xml:23:5-73
	android:name
		ADDED from src/main/AndroidManifest.xml:72:22-70
uses-permission#com.application.tchapj.permission.JPUSH_MESSAGE
ADDED from src/main/AndroidManifest.xml:76:5-77:46
MERGED from [cn.jiguang.sdk:jpush:3.1.6] AndroidManifest.xml:16:5-81
	android:protectionLevel
		ADDED from src/main/AndroidManifest.xml:77:9-44
	android:name
		ADDED from src/main/AndroidManifest.xml:76:22-84
user-permission
ADDED from src/main/AndroidManifest.xml:78:5-77
	android:name
		ADDED from src/main/AndroidManifest.xml:78:22-75
supports-screens
ADDED from src/main/AndroidManifest.xml:82:5-87:39
	android:largeScreens
		ADDED from src/main/AndroidManifest.xml:84:9-36
	android:smallScreens
		ADDED from src/main/AndroidManifest.xml:87:9-36
	android:normalScreens
		ADDED from src/main/AndroidManifest.xml:85:9-37
	android:resizeable
		ADDED from src/main/AndroidManifest.xml:86:9-34
	android:anyDensity
		ADDED from src/main/AndroidManifest.xml:83:9-34
uses-feature#0x00020000
ADDED from src/main/AndroidManifest.xml:90:5-92:35
	android:glEsVersion
		ADDED from src/main/AndroidManifest.xml:91:9-41
	android:required
		ADDED from src/main/AndroidManifest.xml:92:9-32
application
ADDED from src/main/AndroidManifest.xml:94:5-870:19
MERGED from [com.king.base:base:2.0] AndroidManifest.xml:13:5-17:19
MERGED from [com.king.base:base:2.0] AndroidManifest.xml:13:5-17:19
MERGED from [com.ashokvarma.android:bottom-navigation-bar:1.4.1] AndroidManifest.xml:11:5-13:38
MERGED from [com.ashokvarma.android:bottom-navigation-bar:1.4.1] AndroidManifest.xml:11:5-13:38
MERGED from [com.hannesdorfmann.mosby:viewstate:2.0.1] AndroidManifest.xml:11:5-20
MERGED from [com.hannesdorfmann.mosby:viewstate:2.0.1] AndroidManifest.xml:11:5-20
MERGED from [com.hannesdorfmann.mosby:mvp:2.0.1] AndroidManifest.xml:11:5-20
MERGED from [com.hannesdorfmann.mosby:mvp:2.0.1] AndroidManifest.xml:11:5-20
MERGED from [com.github.pinguo-zhouwei:CustomPopwindow:2.1.1] AndroidManifest.xml:11:5-15:19
MERGED from [com.github.pinguo-zhouwei:CustomPopwindow:2.1.1] AndroidManifest.xml:11:5-15:19
MERGED from [me.weyye.ColorTrackTabLayout:library:1.0.1] AndroidManifest.xml:11:5-15:19
MERGED from [me.weyye.ColorTrackTabLayout:library:1.0.1] AndroidManifest.xml:11:5-15:19
MERGED from [com.github.chaychan:SlideCloseLib:1.0.0] AndroidManifest.xml:11:5-15:19
MERGED from [com.github.chaychan:SlideCloseLib:1.0.0] AndroidManifest.xml:11:5-15:19
MERGED from [com.github.nukc.stateview:library:1.2.1] AndroidManifest.xml:11:5-20
MERGED from [com.github.nukc.stateview:library:1.2.1] AndroidManifest.xml:11:5-20
MERGED from [fm.jiecao:jiecaovideoplayer:4.8.3] AndroidManifest.xml:15:5-17:38
MERGED from [fm.jiecao:jiecaovideoplayer:4.8.3] AndroidManifest.xml:15:5-17:38
MERGED from [com.android.support.constraint:constraint-layout:1.0.2] AndroidManifest.xml:9:5-20
MERGED from [com.android.support.constraint:constraint-layout:1.0.2] AndroidManifest.xml:9:5-20
MERGED from [de.hdodenhof:circleimageview:2.1.0] AndroidManifest.xml:9:5-20
MERGED from [de.hdodenhof:circleimageview:2.1.0] AndroidManifest.xml:9:5-20
MERGED from [com.github.aakira:expandable-layout:1.4.3] AndroidManifest.xml:12:5-20
MERGED from [com.github.aakira:expandable-layout:1.4.3] AndroidManifest.xml:12:5-20
MERGED from [com.github.Aspsine:SwipeToLoadLayout:1.0.4] AndroidManifest.xml:12:5-20
MERGED from [com.github.Aspsine:SwipeToLoadLayout:1.0.4] AndroidManifest.xml:12:5-20
MERGED from [com.tencent.bugly:crashreport_upgrade:1.4.1] AndroidManifest.xml:20:5-45:19
MERGED from [com.tencent.bugly:crashreport_upgrade:1.4.1] AndroidManifest.xml:20:5-45:19
MERGED from [com.king.thread:nevercrash:1.0.0] AndroidManifest.xml:11:5-15:19
MERGED from [com.king.thread:nevercrash:1.0.0] AndroidManifest.xml:11:5-15:19
MERGED from [com.github.pwittchen:reactivenetwork-rx2:0.11.0] AndroidManifest.xml:14:5-20
MERGED from [com.github.pwittchen:reactivenetwork-rx2:0.11.0] AndroidManifest.xml:14:5-20
MERGED from [com.just.agentweb:agentweb:3.1.0] AndroidManifest.xml:11:5-35:19
MERGED from [com.just.agentweb:agentweb:3.1.0] AndroidManifest.xml:11:5-35:19
MERGED from [com.scwang.smartrefresh:SmartRefreshLayout:1.1.0-alpha-1] AndroidManifest.xml:11:5-15:19
MERGED from [com.scwang.smartrefresh:SmartRefreshLayout:1.1.0-alpha-1] AndroidManifest.xml:11:5-15:19
MERGED from [com.google.android.gms:play-services-appindexing:8.4.0] AndroidManifest.xml:19:5-20
MERGED from [com.google.android.gms:play-services-appindexing:8.4.0] AndroidManifest.xml:19:5-20
MERGED from [org.litepal.android:core:1.5.0] AndroidManifest.xml:11:5-14:19
MERGED from [org.litepal.android:core:1.5.0] AndroidManifest.xml:11:5-14:19
MERGED from [org.xutils:xutils:3.3.36] AndroidManifest.xml:12:5-20
MERGED from [org.xutils:xutils:3.3.36] AndroidManifest.xml:12:5-20
MERGED from [cn.jiguang.sdk:jpush:3.1.6] AndroidManifest.xml:37:5-132:19
MERGED from [cn.jiguang.sdk:jpush:3.1.6] AndroidManifest.xml:37:5-132:19
MERGED from [cn.jiguang.sdk:jcore:1.2.5] AndroidManifest.xml:11:5-12:19
MERGED from [cn.jiguang.sdk:jcore:1.2.5] AndroidManifest.xml:11:5-12:19
MERGED from [com.google.android.gms:play-services-basement:8.4.0] AndroidManifest.xml:20:5-24:19
MERGED from [com.google.android.gms:play-services-basement:8.4.0] AndroidManifest.xml:20:5-24:19
	android:supportsRtl
		ADDED from src/main/AndroidManifest.xml:99:9-35
	android:label
		ADDED from src/main/AndroidManifest.xml:98:9-41
	android:icon
		ADDED from src/main/AndroidManifest.xml:97:9-39
	android:allowBackup
		ADDED from src/main/AndroidManifest.xml:96:9-35
		REJECTED from [com.king.base:base:2.0] AndroidManifest.xml:14:9-35
		REJECTED from [com.ashokvarma.android:bottom-navigation-bar:1.4.1] AndroidManifest.xml:12:9-35
		REJECTED from [com.github.pinguo-zhouwei:CustomPopwindow:2.1.1] AndroidManifest.xml:12:9-35
		REJECTED from [me.weyye.ColorTrackTabLayout:library:1.0.1] AndroidManifest.xml:12:9-35
		REJECTED from [com.github.chaychan:SlideCloseLib:1.0.0] AndroidManifest.xml:12:9-35
		REJECTED from [fm.jiecao:jiecaovideoplayer:4.8.3] AndroidManifest.xml:16:9-35
		REJECTED from [com.king.thread:nevercrash:1.0.0] AndroidManifest.xml:12:9-35
		REJECTED from [com.just.agentweb:agentweb:3.1.0] AndroidManifest.xml:12:9-35
		REJECTED from [org.litepal.android:core:1.5.0] AndroidManifest.xml:12:9-35
	android:theme
		ADDED from src/main/AndroidManifest.xml:100:9-40
	tools:replace
		ADDED from src/main/AndroidManifest.xml:101:9-44
	android:name
		ADDED from src/main/AndroidManifest.xml:95:9-28
receiver#com.application.tchapj.utils2.download.NotificationCancelReceiver
ADDED from src/main/AndroidManifest.xml:103:9-79
	android:name
		ADDED from src/main/AndroidManifest.xml:103:19-77
activity#com.application.tchapj.WelcomeActivity
ADDED from src/main/AndroidManifest.xml:115:9-125:20
	android:screenOrientation
		ADDED from src/main/AndroidManifest.xml:117:13-49
	android:windowSoftInputMode
		ADDED from src/main/AndroidManifest.xml:118:13-52
	android:theme
		ADDED from src/main/AndroidManifest.xml:119:13-56
	android:name
		ADDED from src/main/AndroidManifest.xml:116:13-44
intent-filter#action:name:android.intent.action.MAIN+category:name:android.intent.category.LAUNCHER
ADDED from src/main/AndroidManifest.xml:121:13-124:29
action#android.intent.action.MAIN
ADDED from src/main/AndroidManifest.xml:122:17-69
	android:name
		ADDED from src/main/AndroidManifest.xml:122:25-66
category#android.intent.category.LAUNCHER
ADDED from src/main/AndroidManifest.xml:123:17-77
	android:name
		ADDED from src/main/AndroidManifest.xml:123:27-74
activity#com.application.tchapj.main.activity.StartUpAdvertActivity
ADDED from src/main/AndroidManifest.xml:127:9-131:20
	android:screenOrientation
		ADDED from src/main/AndroidManifest.xml:129:13-49
	android:windowSoftInputMode
		ADDED from src/main/AndroidManifest.xml:130:13-52
	android:name
		ADDED from src/main/AndroidManifest.xml:128:13-64
activity#com.application.tchapj.guide.GuideActivity
ADDED from src/main/AndroidManifest.xml:133:9-136:55
	android:screenOrientation
		ADDED from src/main/AndroidManifest.xml:135:13-49
	android:windowSoftInputMode
		ADDED from src/main/AndroidManifest.xml:136:13-52
	android:name
		ADDED from src/main/AndroidManifest.xml:134:13-48
activity#com.application.tchapj.login.activity.LoginActivity
ADDED from src/main/AndroidManifest.xml:138:9-142:16
	android:screenOrientation
		ADDED from src/main/AndroidManifest.xml:140:13-49
	android:windowSoftInputMode
		ADDED from src/main/AndroidManifest.xml:141:13-52
	android:name
		ADDED from src/main/AndroidManifest.xml:139:13-57
activity#com.application.tchapj.login.activity.LoginMainActivity
ADDED from src/main/AndroidManifest.xml:144:9-148:16
	android:screenOrientation
		ADDED from src/main/AndroidManifest.xml:146:13-49
	android:windowSoftInputMode
		ADDED from src/main/AndroidManifest.xml:147:13-52
	android:name
		ADDED from src/main/AndroidManifest.xml:145:13-61
activity#com.application.tchapj.login.activity.PassWordActivity
ADDED from src/main/AndroidManifest.xml:151:9-155:55
	android:screenOrientation
		ADDED from src/main/AndroidManifest.xml:153:13-49
	android:windowSoftInputMode
		ADDED from src/main/AndroidManifest.xml:155:13-52
	android:name
		ADDED from src/main/AndroidManifest.xml:152:13-60
activity#com.application.tchapj.login.activity.RegisterActivity
ADDED from src/main/AndroidManifest.xml:157:9-161:55
	android:screenOrientation
		ADDED from src/main/AndroidManifest.xml:159:13-49
	android:windowSoftInputMode
		ADDED from src/main/AndroidManifest.xml:161:13-52
	android:name
		ADDED from src/main/AndroidManifest.xml:158:13-60
activity#com.application.tchapj.MainActivity
ADDED from src/main/AndroidManifest.xml:163:9-165:51
	android:screenOrientation
		ADDED from src/main/AndroidManifest.xml:165:13-49
	android:name
		ADDED from src/main/AndroidManifest.xml:164:13-41
activity#com.application.tchapj.consultation.activity.ChannelActivity
ADDED from src/main/AndroidManifest.xml:167:9-171:55
	android:screenOrientation
		ADDED from src/main/AndroidManifest.xml:169:13-49
	android:windowSoftInputMode
		ADDED from src/main/AndroidManifest.xml:171:13-52
	android:name
		ADDED from src/main/AndroidManifest.xml:168:13-66
activity#com.application.tchapj.search.activity.SearchActivity
ADDED from src/main/AndroidManifest.xml:173:9-177:55
	android:screenOrientation
		ADDED from src/main/AndroidManifest.xml:175:13-49
	android:windowSoftInputMode
		ADDED from src/main/AndroidManifest.xml:177:13-52
	android:name
		ADDED from src/main/AndroidManifest.xml:174:13-59
activity#com.application.tchapj.search.activity.SearchInfoActivity
ADDED from src/main/AndroidManifest.xml:179:9-183:55
	android:screenOrientation
		ADDED from src/main/AndroidManifest.xml:181:13-49
	android:windowSoftInputMode
		ADDED from src/main/AndroidManifest.xml:183:13-52
	android:name
		ADDED from src/main/AndroidManifest.xml:180:13-63
activity#com.application.tchapj.search.activity.SearchInfoMostActivity
ADDED from src/main/AndroidManifest.xml:185:9-189:55
	android:screenOrientation
		ADDED from src/main/AndroidManifest.xml:187:13-49
	android:windowSoftInputMode
		ADDED from src/main/AndroidManifest.xml:189:13-52
	android:name
		ADDED from src/main/AndroidManifest.xml:186:13-67
activity#com.application.tchapj.main.activity.PersonActivity
ADDED from src/main/AndroidManifest.xml:191:9-195:55
	android:screenOrientation
		ADDED from src/main/AndroidManifest.xml:193:13-49
	android:windowSoftInputMode
		ADDED from src/main/AndroidManifest.xml:195:13-52
	android:name
		ADDED from src/main/AndroidManifest.xml:192:13-57
activity#com.application.tchapj.main.activity.MingPeopleListActivity
ADDED from src/main/AndroidManifest.xml:197:9-201:55